<?xml version='1.0' encoding='UTF-8' ?>
<testsuite name="com.example.lunchtray.MenuContentTests" tests="2" failures="0" errors="0" skipped="0" time="3.999" timestamp="2022-03-29T04:18:50" hostname="localhost">
  <properties>
    <property name="device" value="Pixel_5_API_30(AVD) - 11" />
    <property name="flavor" value="" />
    <property name="project" value="app" />
  </properties>
  <testcase name="side_menu_item_content" classname="com.example.lunchtray.MenuContentTests" time="2.225" />
  <testcase name="entree_menu_item_content" classname="com.example.lunchtray.MenuContentTests" time="-1.648527530426E9" />
</testsuite>